<?xml version="1.0" encoding="UTF-8"?>
<testng-results skipped="0" failed="1" total="6" passed="5">
  <reporter-output>
  </reporter-output>
  <suite name="Surefire suite" duration-ms="96768" started-at="2019-02-07T18:40:18Z" finished-at="2019-02-07T18:41:54Z">
    <groups>
    </groups>
    <test name="Surefire test" duration-ms="96768" started-at="2019-02-07T18:40:18Z" finished-at="2019-02-07T18:41:54Z">
      <class name="MavenTest.com.MavenProject.TestTestNg">
        <test-method status="FAIL" signature="verifyShopingCard()[pri:0, instance:MavenTest.com.MavenProject.TestTestNg@52af6cff]" name="verifyShopingCard" duration-ms="9138" started-at="2019-02-08T00:11:44Z" finished-at="2019-02-08T00:11:53Z">
          <exception class="org.openqa.selenium.WebDriverException">
            <message>
              <![CDATA[chrome not reachable
  (Session info: chrome=71.0.3578.98)
  (Driver info: chromedriver=2.44.609538 (b655c5a60b0b544917107a59d4153d4bf78e1b90),platform=Windows NT 6.1.7600 x86_64) (WARNING: The server did not provide any stacktrace information)
Command duration or timeout: 0 milliseconds
Build info: version: '3.5.2', revision: '10229a9', time: '2017-08-21T17:29:55.15Z'
System info: host: 'MOHIT-PC', ip: '192.168.0.106', os.name: 'Windows 7', os.arch: 'amd64', os.version: '6.1', java.version: '1.8.0_191'
Driver info: org.openqa.selenium.chrome.ChromeDriver
Capabilities [{mobileEmulationEnabled=false, hasTouchScreen=false, platform=XP, acceptSslCerts=false, goog:chromeOptions={debuggerAddress=localhost:55477}, acceptInsecureCerts=false, webStorageEnabled=true, browserName=chrome, takesScreenshot=true, javascriptEnabled=true, setWindowRect=true, unexpectedAlertBehaviour=ignore, applicationCacheEnabled=false, rotatable=false, networkConnectionEnabled=false, chrome={chromedriverVersion=2.44.609538 (b655c5a60b0b544917107a59d4153d4bf78e1b90), userDataDir=C:\Users\mohit\AppData\Local\Temp\scoped_dir5268_32658}, takesHeapSnapshot=true, unhandledPromptBehavior=ignore, pageLoadStrategy=normal, databaseEnabled=false, handlesAlerts=true, version=71.0.3578.98, browserConnectionEnabled=false, nativeEvents=true, locationContextEnabled=true, cssSelectorsEnabled=true}]
Session ID: 063ee79a8226a1eb309db2c7b59e3637
*** Element info: {Using=xpath, value=//u[contains(text(),'rediffmail')]}]]>
            </message>
            <full-stacktrace>
              <![CDATA[org.openqa.selenium.WebDriverException: chrome not reachable
  (Session info: chrome=71.0.3578.98)
  (Driver info: chromedriver=2.44.609538 (b655c5a60b0b544917107a59d4153d4bf78e1b90),platform=Windows NT 6.1.7600 x86_64) (WARNING: The server did not provide any stacktrace information)
Command duration or timeout: 0 milliseconds
Build info: version: '3.5.2', revision: '10229a9', time: '2017-08-21T17:29:55.15Z'
System info: host: 'MOHIT-PC', ip: '192.168.0.106', os.name: 'Windows 7', os.arch: 'amd64', os.version: '6.1', java.version: '1.8.0_191'
Driver info: org.openqa.selenium.chrome.ChromeDriver
Capabilities [{mobileEmulationEnabled=false, hasTouchScreen=false, platform=XP, acceptSslCerts=false, goog:chromeOptions={debuggerAddress=localhost:55477}, acceptInsecureCerts=false, webStorageEnabled=true, browserName=chrome, takesScreenshot=true, javascriptEnabled=true, setWindowRect=true, unexpectedAlertBehaviour=ignore, applicationCacheEnabled=false, rotatable=false, networkConnectionEnabled=false, chrome={chromedriverVersion=2.44.609538 (b655c5a60b0b544917107a59d4153d4bf78e1b90), userDataDir=C:\Users\mohit\AppData\Local\Temp\scoped_dir5268_32658}, takesHeapSnapshot=true, unhandledPromptBehavior=ignore, pageLoadStrategy=normal, databaseEnabled=false, handlesAlerts=true, version=71.0.3578.98, browserConnectionEnabled=false, nativeEvents=true, locationContextEnabled=true, cssSelectorsEnabled=true}]
Session ID: 063ee79a8226a1eb309db2c7b59e3637
*** Element info: {Using=xpath, value=//u[contains(text(),'rediffmail')]}
	at sun.reflect.NativeConstructorAccessorImpl.newInstance0(Native Method)
	at sun.reflect.NativeConstructorAccessorImpl.newInstance(Unknown Source)
	at sun.reflect.DelegatingConstructorAccessorImpl.newInstance(Unknown Source)
	at java.lang.reflect.Constructor.newInstance(Unknown Source)
	at org.openqa.selenium.remote.ErrorHandler.createThrowable(ErrorHandler.java:215)
	at org.openqa.selenium.remote.ErrorHandler.throwIfResponseFailed(ErrorHandler.java:167)
	at org.openqa.selenium.remote.http.JsonHttpResponseCodec.reconstructValue(JsonHttpResponseCodec.java:40)
	at org.openqa.selenium.remote.http.AbstractHttpResponseCodec.decode(AbstractHttpResponseCodec.java:82)
	at org.openqa.selenium.remote.http.AbstractHttpResponseCodec.decode(AbstractHttpResponseCodec.java:45)
	at org.openqa.selenium.remote.HttpCommandExecutor.execute(HttpCommandExecutor.java:164)
	at org.openqa.selenium.remote.service.DriverCommandExecutor.execute(DriverCommandExecutor.java:82)
	at org.openqa.selenium.remote.RemoteWebDriver.execute(RemoteWebDriver.java:641)
	at org.openqa.selenium.remote.RemoteWebDriver.findElement(RemoteWebDriver.java:414)
	at org.openqa.selenium.remote.RemoteWebDriver.findElementByXPath(RemoteWebDriver.java:513)
	at org.openqa.selenium.By$ByXPath.findElement(By.java:361)
	at org.openqa.selenium.remote.RemoteWebDriver.findElement(RemoteWebDriver.java:406)
	at MavenTest.com.MavenProject.TestTestNg.verifyShopingCard(TestTestNg.java:41)
	at sun.reflect.NativeMethodAccessorImpl.invoke0(Native Method)
	at sun.reflect.NativeMethodAccessorImpl.invoke(Unknown Source)
	at sun.reflect.DelegatingMethodAccessorImpl.invoke(Unknown Source)
	at java.lang.reflect.Method.invoke(Unknown Source)
	at org.testng.internal.MethodInvocationHelper.invokeMethod(MethodInvocationHelper.java:80)
	at org.testng.internal.Invoker.invokeMethod(Invoker.java:714)
	at org.testng.internal.Invoker.invokeTestMethod(Invoker.java:901)
	at org.testng.internal.Invoker.invokeTestMethods(Invoker.java:1231)
	at org.testng.internal.TestMethodWorker.invokeTestMethods(TestMethodWorker.java:127)
	at org.testng.internal.TestMethodWorker.run(TestMethodWorker.java:111)
	at org.testng.TestRunner.privateRun(TestRunner.java:767)
	at org.testng.TestRunner.run(TestRunner.java:617)
	at org.testng.SuiteRunner.runTest(SuiteRunner.java:334)
	at org.testng.SuiteRunner.runSequentially(SuiteRunner.java:329)
	at org.testng.SuiteRunner.privateRun(SuiteRunner.java:291)
	at org.testng.SuiteRunner.run(SuiteRunner.java:240)
	at org.testng.SuiteRunnerWorker.runSuite(SuiteRunnerWorker.java:52)
	at org.testng.SuiteRunnerWorker.run(SuiteRunnerWorker.java:86)
	at org.testng.TestNG.runSuitesSequentially(TestNG.java:1198)
	at org.testng.TestNG.runSuitesLocally(TestNG.java:1123)
	at org.testng.TestNG.run(TestNG.java:1031)
	at org.apache.maven.surefire.testng.TestNGExecutor.run(TestNGExecutor.java:135)
	at org.apache.maven.surefire.testng.TestNGDirectoryTestSuite.executeMulti(TestNGDirectoryTestSuite.java:193)
	at org.apache.maven.surefire.testng.TestNGDirectoryTestSuite.execute(TestNGDirectoryTestSuite.java:94)
	at org.apache.maven.surefire.testng.TestNGProvider.invoke(TestNGProvider.java:146)
	at org.apache.maven.surefire.booter.ForkedBooter.invokeProviderInSameClassLoader(ForkedBooter.java:373)
	at org.apache.maven.surefire.booter.ForkedBooter.runSuitesInProcess(ForkedBooter.java:334)
	at org.apache.maven.surefire.booter.ForkedBooter.execute(ForkedBooter.java:119)
	at org.apache.maven.surefire.booter.ForkedBooter.main(ForkedBooter.java:407)
]]>
            </full-stacktrace>
          </exception> <!-- org.openqa.selenium.WebDriverException -->
          <reporter-output>
          </reporter-output>
        </test-method> <!-- verifyShopingCard -->
      </class> <!-- MavenTest.com.MavenProject.TestTestNg -->
      <class name="MavenTest.com.MavenProject.AppTest">
        <test-method status="PASS" signature="setUp()[pri:0, instance:MavenTest.com.MavenProject.AppTest@15975490]" name="setUp" is-config="true" duration-ms="32868" started-at="2019-02-08T00:10:18Z" finished-at="2019-02-08T00:10:50Z">
          <reporter-output>
          </reporter-output>
        </test-method> <!-- setUp -->
        <test-method status="PASS" signature="setUp()[pri:0, instance:MavenTest.com.MavenProject.TestTestNg@52af6cff]" name="setUp" is-config="true" duration-ms="7409" started-at="2019-02-08T00:10:50Z" finished-at="2019-02-08T00:10:58Z">
          <reporter-output>
          </reporter-output>
        </test-method> <!-- setUp -->
        <test-method status="PASS" signature="testPullCommit()[pri:0, instance:MavenTest.com.MavenProject.AppTest@15975490]" name="testPullCommit" duration-ms="2" started-at="2019-02-08T00:10:58Z" finished-at="2019-02-08T00:10:58Z">
          <reporter-output>
          </reporter-output>
        </test-method> <!-- testPullCommit -->
        <test-method status="PASS" signature="verifyCNNLinks()[pri:0, instance:MavenTest.com.MavenProject.AppTest@15975490]" name="verifyCNNLinks" duration-ms="27804" started-at="2019-02-08T00:10:58Z" finished-at="2019-02-08T00:11:26Z">
          <reporter-output>
          </reporter-output>
        </test-method> <!-- verifyCNNLinks -->
        <test-method status="PASS" signature="verifyCommit()[pri:0, instance:MavenTest.com.MavenProject.AppTest@15975490]" name="verifyCommit" duration-ms="7" started-at="2019-02-08T00:11:26Z" finished-at="2019-02-08T00:11:26Z">
          <reporter-output>
          </reporter-output>
        </test-method> <!-- verifyCommit -->
        <test-method status="PASS" signature="verifyCommit2()[pri:0, instance:MavenTest.com.MavenProject.AppTest@15975490]" name="verifyCommit2" duration-ms="0" started-at="2019-02-08T00:11:26Z" finished-at="2019-02-08T00:11:26Z">
          <reporter-output>
          </reporter-output>
        </test-method> <!-- verifyCommit2 -->
        <test-method status="PASS" signature="verifyShopingCard()[pri:0, instance:MavenTest.com.MavenProject.AppTest@15975490]" name="verifyShopingCard" duration-ms="18267" started-at="2019-02-08T00:11:26Z" finished-at="2019-02-08T00:11:44Z">
          <reporter-output>
          </reporter-output>
        </test-method> <!-- verifyShopingCard -->
        <test-method status="PASS" signature="quitBrowser()[pri:0, instance:MavenTest.com.MavenProject.AppTest@15975490]" name="quitBrowser" is-config="true" duration-ms="644" started-at="2019-02-08T00:11:53Z" finished-at="2019-02-08T00:11:54Z">
          <reporter-output>
          </reporter-output>
        </test-method> <!-- quitBrowser -->
        <test-method status="PASS" signature="quitBrowser()[pri:0, instance:MavenTest.com.MavenProject.TestTestNg@52af6cff]" name="quitBrowser" is-config="true" duration-ms="593" started-at="2019-02-08T00:11:54Z" finished-at="2019-02-08T00:11:54Z">
          <reporter-output>
          </reporter-output>
        </test-method> <!-- quitBrowser -->
      </class> <!-- MavenTest.com.MavenProject.AppTest -->
    </test> <!-- Surefire test -->
  </suite> <!-- Surefire suite -->
</testng-results>
