<?xml version="1.0" encoding="UTF-8"?>
<testng-results skipped="0" failed="0" total="2" passed="2">
  <reporter-output>
  </reporter-output>
  <suite name="Suite" duration-ms="78" started-at="2019-02-07T18:33:11Z" finished-at="2019-02-07T18:33:11Z">
    <groups>
    </groups>
    <test name="Test" duration-ms="78" started-at="2019-02-07T18:33:11Z" finished-at="2019-02-07T18:33:11Z">
      <class name="MavenTest.com.MavenProject.App">
        <test-method status="PASS" signature="test1()[pri:0, instance:MavenTest.com.MavenProject.App@8bd1b6a]" name="test1" duration-ms="32" started-at="2019-02-08T00:03:11Z" finished-at="2019-02-08T00:03:11Z">
          <reporter-output>
          </reporter-output>
        </test-method> <!-- test1 -->
        <test-method status="PASS" signature="test3()[pri:0, instance:MavenTest.com.MavenProject.App@8bd1b6a]" name="test3" duration-ms="0" started-at="2019-02-08T00:03:11Z" finished-at="2019-02-08T00:03:11Z">
          <reporter-output>
          </reporter-output>
        </test-method> <!-- test3 -->
      </class> <!-- MavenTest.com.MavenProject.App -->
    </test> <!-- Test -->
  </suite> <!-- Suite -->
</testng-results>
